<?xml version="1.0" encoding="UTF-8"?>
<!-- Generated by org.testng.reporters.JUnitXMLReporter -->
<testsuite hostname="VAIO" ignored="0" name="Test" tests="22" failures="0" timestamp="23 Jun 2022 11:58:48 GMT" time="8.837" errors="0">
  <testcase name="checkParticularHeader" time="0.019" classname="com.employee.testcases.TC001_GetEmployee"/>
  <testcase name="checkStatusCode" time="0.003" classname="com.employee.testcases.TC001_GetEmployee"/>
  <testcase name="chekAllHeaders" time="0.016" classname="com.employee.testcases.TC001_GetEmployee"/>
  <testcase name="chekStatusLine" time="0.003" classname="com.employee.testcases.TC001_GetEmployee"/>
  <testcase name="resposBody" time="0.052" classname="com.employee.testcases.TC001_GetEmployee"/>
  <testcase name="ChekAllHeaders" time="0.007" classname="com.employee.testcases.TC002_PostEmployee"/>
  <testcase name="checkParticularheader" time="0.005" classname="com.employee.testcases.TC002_PostEmployee"/>
  <testcase name="checkReponseBody" time="0.006" classname="com.employee.testcases.TC002_PostEmployee"/>
  <testcase name="checkStatusCode" time="0.002" classname="com.employee.testcases.TC002_PostEmployee"/>
  <testcase name="checkStatusLine" time="0.003" classname="com.employee.testcases.TC002_PostEmployee"/>
  <testcase name="checkAllHeader" time="0.011" classname="com.employee.testcases.TC003_PutEmployee"/>
  <testcase name="checkParticularHeader" time="0.003" classname="com.employee.testcases.TC003_PutEmployee"/>
  <testcase name="checkStatucode" time="0.003" classname="com.employee.testcases.TC003_PutEmployee"/>
  <testcase name="checkstatusLine" time="0.003" classname="com.employee.testcases.TC003_PutEmployee"/>
  <testcase name="responseBody" time="0.004" classname="com.employee.testcases.TC003_PutEmployee"/>
  <testcase name="checkallHeaders" time="0.01" classname="com.employee.testcases.TC004_PostEmployee"/>
  <testcase name="particularHeaderCheck" time="0.003" classname="com.employee.testcases.TC004_PostEmployee"/>
  <testcase name="responseBody" time="0.004" classname="com.employee.testcases.TC004_PostEmployee"/>
  <testcase name="statusCode" time="0.003" classname="com.employee.testcases.TC004_PostEmployee"/>
  <testcase name="statusLine" time="0.002" classname="com.employee.testcases.TC004_PostEmployee"/>
  <testcase name="postEmployee" time="1.284" classname="com.employee.testcases.TC005_PostEmployee"/>
  <testcase name="GetEmployee" time="0.332" classname="com.employee.testcases.TC006_GetEmployee"/>
</testsuite> <!-- Test -->
